--- Tool Versions ---
Go: go version go1.24.4 darwin/arm64
protoc: libprotoc 25.7
protoc-gen-go: protoc-gen-go v1.35.2
protoc-gen-go-grpc: protoc-gen-go-grpc 1.3.0
protoc-gen-go_gapic: v0.53.1
---------------------
2025/07/31 14:56:30 INFO librariangen invoked args="[./librariangen generate --source=/Users/chrisdsmith/oss/googleapis --librarian=/var/folders/zk/_5rh6nq91db_fkzrcrh5v0w400xrml/T/tmp.XXXXXXXXXX.TDtLBw082M/librarian --output=/var/folders/zk/_5rh6nq91db_fkzrcrh5v0w400xrml/T/tmp.XXXXXXXXXX.TDtLBw082M/output]"
2025/07/31 14:56:30 INFO processing api service_dir=/Users/chrisdsmith/oss/googleapis/google/cloud/chronicle/v1
2025/07/31 14:56:30 WARN failed to find bool name=diregapic
2025/07/31 14:56:30 INFO bazel config loaded conf="&{grpcServiceConfig:chronicle_v1_grpc_service_config.json gapicImportPath:cloud.google.com/go/chronicle/apiv1;chronicle metadata:true releaseLevel:beta restNumericEnums:true serviceYAML:chronicle_v1.yaml transport:grpc+rest diregapic:false hasGoGRPC:true}"
2025/07/31 14:56:31 INFO using module path from final API importpath=cloud.google.com/go/chronicle/apiv1
2025/07/31 14:56:31 INFO running goimports directory=/var/folders/zk/_5rh6nq91db_fkzrcrh5v0w400xrml/T/tmp.XXXXXXXXXX.TDtLBw082M/output/chronicle
2025/07/31 14:56:31 INFO running go mod init directory=/var/folders/zk/_5rh6nq91db_fkzrcrh5v0w400xrml/T/tmp.XXXXXXXXXX.TDtLBw082M/output/chronicle modulePath=cloud.google.com/go/chronicle
2025/07/31 14:56:31 INFO running go mod tidy directory=/var/folders/zk/_5rh6nq91db_fkzrcrh5v0w400xrml/T/tmp.XXXXXXXXXX.TDtLBw082M/output/chronicle
2025/07/31 14:56:33 INFO librariangen finished successfully
--- Git Reset Summary ---
HEAD is now at c7413916ad chore: release main (#12610)
--- Git Status Summary ---
On branch main
Your branch is up to date with 'origin/main'.

Changes to be committed:
  (use "git restore --staged <file>..." to unstage)
	deleted:    chronicle/CHANGES.md
	modified:   chronicle/apiv1/chroniclepb/data_access_control.pb.go
	modified:   chronicle/apiv1/chroniclepb/data_access_control_grpc.pb.go
	modified:   chronicle/apiv1/chroniclepb/entity.pb.go
	modified:   chronicle/apiv1/chroniclepb/entity_grpc.pb.go
	modified:   chronicle/apiv1/chroniclepb/instance.pb.go
	modified:   chronicle/apiv1/chroniclepb/instance_grpc.pb.go
	modified:   chronicle/apiv1/chroniclepb/reference_list.pb.go
	modified:   chronicle/apiv1/chroniclepb/reference_list_grpc.pb.go
	modified:   chronicle/apiv1/chroniclepb/rule.pb.go
	modified:   chronicle/apiv1/chroniclepb/rule_grpc.pb.go
	modified:   chronicle/go.mod
	modified:   chronicle/go.sum
	modified:   chronicle/internal/version.go


--- Diff for chronicle/go.mod ---
diff --git a/chronicle/go.mod b/chronicle/go.mod
index 649ff46f89..3d5084205e 100644
--- a/chronicle/go.mod
+++ b/chronicle/go.mod
@@ -1,19 +1,19 @@
 module cloud.google.com/go/chronicle
 
-go 1.23.0
+go 1.24.4
 
 require (
 	cloud.google.com/go/longrunning v0.6.7
 	github.com/googleapis/gax-go/v2 v2.15.0
 	google.golang.org/api v0.244.0
-	google.golang.org/genproto v0.0.0-20250603155806-513f23925822
+	google.golang.org/genproto v0.0.0-20250728155136-f173205681a0
 	google.golang.org/genproto/googleapis/api v0.0.0-20250728155136-f173205681a0
 	google.golang.org/grpc v1.74.2
 	google.golang.org/protobuf v1.36.6
 )
 
 require (
-	cloud.google.com/go v0.120.1 // indirect
+	cloud.google.com/go v0.120.0 // indirect
 	cloud.google.com/go/auth v0.16.3 // indirect
 	cloud.google.com/go/auth/oauth2adapt v0.2.8 // indirect
 	cloud.google.com/go/compute/metadata v0.7.0 // indirect

--- Diff for chronicle/go.sum ---
diff --git a/chronicle/go.sum b/chronicle/go.sum
index 0aaa32175e..b1abc6a6fa 100644
--- a/chronicle/go.sum
+++ b/chronicle/go.sum
@@ -1,5 +1,5 @@
-cloud.google.com/go v0.120.1 h1:Z+5V7yd383+9617XDCyszmK5E4wJRJL+tquMfDj9hLM=
-cloud.google.com/go v0.120.1/go.mod h1:56Vs7sf/i2jYM6ZL9NYlC82r04PThNcPS5YgFmb0rp8=
+cloud.google.com/go v0.120.0 h1:wc6bgG9DHyKqF5/vQvX1CiZrtHnxJjBlKUyF9nP6meA=
+cloud.google.com/go v0.120.0/go.mod h1:/beW32s8/pGRuj4IILWQNd4uuebeT4dkOhKmkfit64Q=
 cloud.google.com/go/auth v0.16.3 h1:kabzoQ9/bobUmnseYnBO6qQG7q4a/CffFRlJSxv2wCc=
 cloud.google.com/go/auth v0.16.3/go.mod h1:NucRGjaXfzP1ltpcQ7On/VTZ0H4kWB5Jy+Y9Dnm76fA=
 cloud.google.com/go/auth/oauth2adapt v0.2.8 h1:keo8NaayQZ6wimpNSmW5OPc283g65QNIiLpZnkHRbnc=
@@ -65,8 +65,8 @@ golang.org/x/time v0.12.0 h1:ScB/8o8olJvc+CQPWrK3fPZNfh7qgwCrY0zJmoEQLSE=
 golang.org/x/time v0.12.0/go.mod h1:CDIdPxbZBQxdj6cxyCIdrNogrJKMJ7pr37NYpMcMDSg=
 google.golang.org/api v0.244.0 h1:lpkP8wVibSKr++NCD36XzTk/IzeKJ3klj7vbj+XU5pE=
 google.golang.org/api v0.244.0/go.mod h1:dMVhVcylamkirHdzEBAIQWUCgqY885ivNeZYd7VAVr8=
-google.golang.org/genproto v0.0.0-20250603155806-513f23925822 h1:rHWScKit0gvAPuOnu87KpaYtjK5zBMLcULh7gxkCXu4=
-google.golang.org/genproto v0.0.0-20250603155806-513f23925822/go.mod h1:HubltRL7rMh0LfnQPkMH4NPDFEWp0jw3vixw7jEM53s=
+google.golang.org/genproto v0.0.0-20250728155136-f173205681a0 h1:btBcgujH2+KIWEfz0s7Cdtt9R7hpwM4SAEXAdXf/ddw=
+google.golang.org/genproto v0.0.0-20250728155136-f173205681a0/go.mod h1:Q4yZQ3kmmIyg6HsMjCGx2vQ8gzN+dntaPmFWz6Zj0fo=
 google.golang.org/genproto/googleapis/api v0.0.0-20250728155136-f173205681a0 h1:0UOBWO4dC+e51ui0NFKSPbkHHiQ4TmrEfEZMLDyRmY8=
 google.golang.org/genproto/googleapis/api v0.0.0-20250728155136-f173205681a0/go.mod h1:8ytArBbtOy2xfht+y2fqKd5DRDJRUQhqbyEnQ4bDChs=
 google.golang.org/genproto/googleapis/rpc v0.0.0-20250728155136-f173205681a0 h1:MAKi5q709QWfnkkpNQ0M12hYJ1+e8qYVDyowc4U1XZM=

--- Diff for chronicle/README.md ---
